accuracy,overhead,timeElapsedTotal,timeElapsedClassifier
90.234375, 222964908/222964908, 47.82, 0.38
79.6875, 264114620/264114620, 73.81, 0.42
82.03125, 173880480/173880480, 73.79, 0.42
85.9375, 212242348/212242348, 67.58, 0.41
90.625, 183478560/183478560, 59.83, 0.41
93.359375, 256057324/256057324, 86.77, 0.57
81.25, 238708592/238708592, 74.39, 0.79
91.015625, 150488424/150488424, 70.01, 0.40
89.0625, 125094036/125094036, 57.43, 0.62
94.53125, 125442384/125442384, 53.58, 0.40
83.203125, 265644772/265644772, 78.39, 0.59
88.28125, 172999484/172999484, 61.21, 0.42
85.15625, 268475500/268475500, 76.19, 0.60
87.5, 210227872/210227872, 81.99, 0.40
86.71875, 274201584/274201584, 79.82, 0.41
80.859375, 264242296/264242296, 83.99, 0.37
84.765625, 151374816/151374816, 51.45, 0.23
90.234375, 217532136/217532136, 76.99, 0.42
77.34375, 176512360/176512360, 62.57, 0.41