accuracy,overhead,timeElapsedTotal,timeElapsedClassifier
100.0, 3635556/3635556, 0.46, 0.00
100.0, 12843376/12843376, 0.88, 0.00
100.0, 4388992/4388992, 0.52, 0.00
100.0, 11947316/11947316, 0.87, 0.00
100.0, 4225724/4225724, 0.45, 0.00
87.5, 16006196/16006196, 1.14, 0.03
100.0, 4037632/4037632, 0.46, 0.00
100.0, 7337792/7337792, 0.64, 0.00
100.0, 2442204/2442204, 0.37, 0.00
100.0, 10357616/10357616, 0.79, 0.00
100.0, 1782368/1782368, 0.37, 0.00
87.5, 6353552/6353552, 0.53, 0.00
100.0, 1619596/1619596, 0.26, 0.00
87.5, 2183628/2183628, 0.22, 0.00
100.0, 1539108/1539108, 0.21, 0.00
100.0, 7331564/7331564, 0.68, 0.00
100.0, 3796500/3796500, 0.37, 0.00
87.5, 5718788/5718788, 0.43, 0.00
87.5, 23335756/23335756, 1.27, 0.00
100.0, 4642476/4642476, 0.57, 0.00
100.0, 2404164/2404164, 0.34, 0.00
87.5, 1784240/1784240, 0.28, 0.00
100.0, 2700476/2700476, 0.34, 0.00
100.0, 1571088/1571088, 0.29, 0.00
100.0, 7064868/7064868, 0.58, 0.00
100.0, 12991428/12991428, 0.83, 0.00
100.0, 8226020/8226020, 0.57, 0.00
100.0, 7322348/7322348, 0.56, 0.00
100.0, 10310028/10310028, 0.51, 0.00
100.0, 8024156/8024156, 0.56, 0.00
37.5, 4477204/4477204, 0.41, 0.00
100.0, 17986528/17986528, 1.17, 0.00
100.0, 11184088/11184088, 0.80, 0.00
87.5, 3829700/3829700, 0.61, 0.00
37.5, 15061444/15061444, 0.95, 0.00
100.0, 4176184/4176184, 0.56, 0.00
100.0, 844520/844520, 0.28, 0.00
100.0, 4932220/4932220, 0.44, 0.00
100.0, 2059616/2059616, 0.30, 0.00
100.0, 8214052/8214052, 0.94, 0.00
100.0, 2920832/2920832, 0.31, 0.00
100.0, 5535284/5535284, 0.44, 0.00
100.0, 1451148/1451148, 0.26, 0.00
100.0, 7172852/7172852, 0.76, 0.00
87.5, 2826868/2826868, 0.41, 0.00
100.0, 2422352/2422352, 0.36, 0.00
100.0, 15021096/15021096, 0.98, 0.00
100.0, 3212816/3212816, 0.43, 0.00
100.0, 14326980/14326980, 0.84, 0.00
100.0, 13723076/13723076, 0.98, 0.00
100.0, 496488/496488, 0.16, 0.00
100.0, 20626280/20626280, 1.21, 0.00
100.0, 2880100/2880100, 0.60, 0.00
100.0, 24429360/24429360, 1.84, 0.00
100.0, 3607904/3607904, 0.46, 0.00
50.0, 5775784/5775784, 0.73, 0.00
100.0, 3668352/3668352, 0.67, 0.00
100.0, 5687672/5687672, 0.51, 0.00
100.0, 2892384/2892384, 0.39, 0.00
100.0, 272656/272656, 0.21, 0.00
100.0, 2271012/2271012, 0.51, 0.00
100.0, 3332888/3332888, 0.46, 0.00
100.0, 11761344/11761344, 1.29, 0.00
62.5, 2946332/2946332, 0.43, 0.00
100.0, 1542736/1542736, 0.45, 0.00
100.0, 3521740/3521740, 0.57, 0.00
100.0, 7807928/7807928, 0.78, 0.00