accuracy,overhead,timeElapsedTotal,timeElapsedClassifier
78.5992217899, 242002276/242002276, 44.52, 25.74
89.8832684825, 261497212/261497212, 48.69, 27.07
92.6070038911, 162462456/162462456, 39.20, 22.89
84.8249027237, 238139989/238139989, 45.93, 26.33
89.8832684825, 158229284/158229284, 53.63, 34.18
85.6031128405, 191642064/191642064, 54.20, 36.05
94.9416342412, 226689005/226689005, 56.84, 37.03
96.4980544747, 213842936/213842936, 53.58, 34.22
86.7704280156, 189840680/189840680, 54.52, 34.91
92.6070038911, 183322368/183322368, 54.58, 35.79
92.9961089494, 244819604/244819604, 76.45, 45.92
89.8832684825, 224815452/224815452, 77.67, 41.86
94.9416342412, 366096600/366096600, 78.78, 33.44
89.8832684825, 235759916/235759916, 55.78, 34.07
89.8832684825, 161051284/161051284, 50.18, 33.96
94.1634241245, 157329628/157329628, 53.75, 35.17
87.1595330739, 232504260/232504260, 54.86, 33.24
84.8249027237, 129681804/129681804, 47.64, 33.71
92.6070038911, 192644028/192644028, 51.78, 34.19
85.9922178988, 212572536/212572536, 53.80, 34.00
85.2140077821, 185191268/185191268, 54.73, 35.31
86.3813229572, 193414500/193414500, 50.00, 31.92
89.1050583658, 169957284/169957284, 51.63, 34.05
88.326848249, 176335824/176335824, 54.44, 35.38
89.1050583658, 219919196/219919196, 53.30, 33.95
90.6614785992, 186112700/186112700, 55.53, 33.10
89.4941634241, 218122248/218122248, 56.61, 35.70
93.7743190661, 173642084/173642084, 55.17, 34.37
89.4941634241, 172573120/172573120, 87.29, 66.00
85.2140077821, 174095212/174095212, 92.67, 49.83
92.6070038911, 259441712/259441712, 176.00, 85.99
94.1634241245, 277338736/277338736, 176.62, 90.79
88.326848249, 189020148/189020148, 169.20, 89.38
89.4941634241, 237996808/237996808, 167.18, 89.78
86.3813229572, 231298632/231298632, 171.40, 103.17
78.5992217899, 203710784/203710784, 206.63, 141.84
84.8249027237, 286848160/286848160, 176.42, 78.02
90.2723735409, 248515324/248515324, 113.79, 65.22
82.4902723735, 200004528/200004528, 111.16, 70.36
90.2723735409, 195391028/195391028, 105.40, 68.15
92.2178988327, 186909548/186909548, 51.89, 33.37
86.7704280156, 140105664/140105664, 50.78, 33.66
92.6070038911, 125504084/125504084, 47.40, 33.41
86.3813229572, 146932292/146932292, 55.01, 36.04
95.719844358, 177187116/177187116, 50.98, 32.55
87.1595330739, 224791628/224791628, 59.57, 34.36
84.4357976654, 181463600/181463600, 51.27, 33.03
87.1595330739, 155327428/155327428, 49.57, 32.25
82.4902723735, 193172532/193172532, 52.18, 33.62
91.8287937743, 225607108/225607108, 53.75, 34.29
84.046692607, 194788176/194788176, 51.47, 33.69
89.4941634241, 236428140/236428140, 57.63, 33.50
93.7743190661, 190353556/190353556, 51.70, 33.53
89.8832684825, 249172308/249172308, 58.02, 32.64
87.5486381323, 171461012/171461012, 49.61, 33.12
89.8832684825, 189384336/189384336, 50.62, 33.16
85.9922178988, 129745892/129745892, 51.00, 33.63